Arguments: 
  /usr/local/bin/node /usr/local/bin/yarn add --dev serveless-webpack

PATH: 
  /Library/Frameworks/Python.framework/Versions/3.7/bin:/Library/Frameworks/Python.framework/Versions/3.7/bin:/Library/Frameworks/Python.framework/Versions/3.7/bin:/Library/PostgreSQL/10/bin/:/usr/local/bin:/bin:/sbin:/usr/bin:/usr/local/sbin:/usr/local/bin:/usr/local/bin:/Users/home/.rvm/gems/ruby-2.3.1-install/bin:/Users/home/.rvm/gems/ruby-2.3.1-install@global/bin:/Users/home/.rvm/rubies/ruby-2.3.1-install/bin:/Users/home/.npm-global/bin:/Users/home/.yarn/bin:/Users/home/.config/yarn/global/node_modules/.bin:/Users/home/.nvm/versions/node/v11.9.0/bin:/usr/local/bin:/usr/bin:/bin:/usr/sbin:/sbin:/usr/local/share/dotnet:~/.dotnet/tools:/Library/Frameworks/Mono.framework/Versions/Current/Commands:/Users/home/.rvm/bin:/Users/home/.rvm/bin:/Users/home/Library/Android/sdk/tools:/Users/home/Library/Android/sdk/platform-tools

Yarn version: 
  1.13.0

Node version: 
  12.14.0

Platform: 
  darwin x64

Trace: 
  Error: https://registry.yarnpkg.com/serveless-webpack: Not found
      at Request.params.callback [as _callback] (/usr/local/lib/node_modules/yarn/lib/cli.js:66255:18)
      at Request.self.callback (/usr/local/lib/node_modules/yarn/lib/cli.js:129397:22)
      at Request.emit (events.js:210:5)
      at Request.<anonymous> (/usr/local/lib/node_modules/yarn/lib/cli.js:130369:10)
      at Request.emit (events.js:210:5)
      at IncomingMessage.<anonymous> (/usr/local/lib/node_modules/yarn/lib/cli.js:130291:12)
      at Object.onceWrapper (events.js:299:28)
      at IncomingMessage.emit (events.js:215:7)
      at endReadableNT (_stream_readable.js:1184:12)
      at processTicksAndRejections (internal/process/task_queues.js:80:21)

npm manifest: 
  {
    "name": "api-one",
    "version": "1.0.0",
    "description": "",
    "main": "index.js",
    "scripts": {
      "test": "echo \"Error: no test specified\" && exit 1"
    },
    "author": "",
    "license": "ISC",
    "dependencies": {
      "apollo-server-lambda": "^2.11.0",
      "aws-sdk": "^2.640.0",
      "graphql": "^14.6.0",
      "serverless-offline": "^5.12.1"
    },
    "devDependencies": {
      "@babel/core": "^7.8.7",
      "@babel/preset-env": "^7.8.7",
      "babel-loader": "^8.0.6",
      "babel-plugin-source-map-support": "^2.1.1",
      "jest": "^25.1.0",
      "webpack": "^4.42.0",
      "webpack-node-externals": "^1.7.2"
    }
  }

yarn manifest: 
  No manifest

Lockfile: 
  No lockfile
